# JRE version: OpenJDK Runtime Environment JBR-17.0.9+7-1087.7-nomod (17.0.9+7) (build 17.0.9+7-b1087.7)
# Java VM: OpenJDK 64-Bit Server VM JBR-17.0.9+7-1087.7-nomod (17.0.9+7-b1087.7, mixed mode, tiered, compressed oops, compressed class ptrs, g1 gc, windows-amd64)
GC Precious Log:
 CPUs: 12 total, 12 available
 Memory: 16309M
 Large Page Support: Disabled
 NUMA Support: Disabled
 Compressed Oops: Enabled (Zero based)
 Heap Region Size: 2M
 Heap Min Capacity: 8M
 Heap Initial Capacity: 256M
 Heap Max Capacity: 4078M
 Pre-touch: Disabled
 Parallel Workers: 10
 Concurrent Workers: 3
 Concurrent Refinement Workers: 10
 Periodic GC: Disabled
Heap:
 garbage-first heap   total 149504K, used 97731K [0x0000000701200000, 0x0000000800000000)
  region size 2048K, 44 young (90112K), 6 survivors (12288K)
 Metaspace       used 36103K, committed 36416K, reserved 1114112K
  class space    used 4054K, committed 4224K, reserved 1048576K
GC Heap History (15 events):
Event: 0.500 GC heap before
{Heap before GC invocations=0 (full 0):
 garbage-first heap   total 262144K, used 22528K [0x0000000701200000, 0x0000000800000000)
  region size 2048K, 11 young (22528K), 0 survivors (0K)
 Metaspace       used 14551K, committed 14784K, reserved 1114112K
  class space    used 1499K, committed 1600K, reserved 1048576K
}
Event: 0.503 GC heap after
{Heap after GC invocations=1 (full 0):
 garbage-first heap   total 262144K, used 3871K [0x0000000701200000, 0x0000000800000000)
  region size 2048K, 2 young (4096K), 2 survivors (4096K)
 Metaspace       used 14551K, committed 14784K, reserved 1114112K
  class space    used 1499K, committed 1600K, reserved 1048576K
}
Event: 0.856 GC heap before
{Heap before GC invocations=1 (full 0):
 garbage-first heap   total 262144K, used 36639K [0x0000000701200000, 0x0000000800000000)
  region size 2048K, 18 young (36864K), 2 survivors (4096K)
 Metaspace       used 18949K, committed 19136K, reserved 1114112K
  class space    used 2073K, committed 2176K, reserved 1048576K
}
Event: 0.860 GC heap after
{Heap after GC invocations=2 (full 0):
 garbage-first heap   total 262144K, used 5676K [0x0000000701200000, 0x0000000800000000)
  region size 2048K, 1 young (2048K), 1 survivors (2048K)
 Metaspace       used 18949K, committed 19136K, reserved 1114112K
  class space    used 2073K, committed 2176K, reserved 1048576K
}
Event: 1.042 GC heap before
{Heap before GC invocations=2 (full 0):
 garbage-first heap   total 262144K, used 20012K [0x0000000701200000, 0x0000000800000000)
  region size 2048K, 9 young (18432K), 1 survivors (2048K)
 Metaspace       used 21339K, committed 21504K, reserved 1114112K
  class space    used 2399K, committed 2432K, reserved 1048576K
}
Event: 1.044 GC heap after
{Heap after GC invocations=3 (full 0):
 garbage-first heap   total 262144K, used 7010K [0x0000000701200000, 0x0000000800000000)
  region size 2048K, 2 young (4096K), 2 survivors (4096K)
 Metaspace       used 21339K, committed 21504K, reserved 1114112K
  class space    used 2399K, committed 2432K, reserved 1048576K
}
Event: 1.269 GC heap before
{Heap before GC invocations=4 (full 0):
 garbage-first heap   total 34816K, used 23394K [0x0000000701200000, 0x0000000800000000)
  region size 2048K, 11 young (22528K), 2 survivors (4096K)
 Metaspace       used 24522K, committed 24640K, reserved 1114112K
  class space    used 2751K, committed 2816K, reserved 1048576K
}
Event: 1.273 GC heap after
{Heap after GC invocations=5 (full 0):
 garbage-first heap   total 34816K, used 9018K [0x0000000701200000, 0x0000000800000000)
  region size 2048K, 3 young (6144K), 3 survivors (6144K)
 Metaspace       used 24522K, committed 24640K, reserved 1114112K
  class space    used 2751K, committed 2816K, reserved 1048576K
}
Event: 1.289 GC heap before
{Heap before GC invocations=5 (full 0):
 garbage-first heap   total 34816K, used 11066K [0x0000000701200000, 0x0000000800000000)
  region size 2048K, 4 young (8192K), 3 survivors (6144K)
 Metaspace       used 24562K, committed 24768K, reserved 1114112K
  class space    used 2752K, committed 2816K, reserved 1048576K
}
Event: 1.294 GC heap after
{Heap after GC invocations=6 (full 0):
 garbage-first heap   total 34816K, used 9524K [0x0000000701200000, 0x0000000800000000)
  region size 2048K, 1 young (2048K), 1 survivors (2048K)
 Metaspace       used 24562K, committed 24768K, reserved 1114112K
  class space    used 2752K, committed 2816K, reserved 1048576K
}
Event: 1.387 GC heap before
{Heap before GC invocations=6 (full 0):
 garbage-first heap   total 34816K, used 21812K [0x0000000701200000, 0x0000000800000000)
  region size 2048K, 7 young (14336K), 1 survivors (2048K)
 Metaspace       used 24981K, committed 25152K, reserved 1114112K
  class space    used 2788K, committed 2880K, reserved 1048576K
}
Event: 1.389 GC heap after
{Heap after GC invocations=7 (full 0):
 garbage-first heap   total 149504K, used 11584K [0x0000000701200000, 0x0000000800000000)
  region size 2048K, 1 young (2048K), 1 survivors (2048K)
 Metaspace       used 24981K, committed 25152K, reserved 1114112K
  class space    used 2788K, committed 2880K, reserved 1048576K
}
Event: 2.071 GC heap before
{Heap before GC invocations=7 (full 0):
 garbage-first heap   total 149504K, used 130368K [0x0000000701200000, 0x0000000800000000)
  region size 2048K, 43 young (88064K), 1 survivors (2048K)
 Metaspace       used 29131K, committed 29440K, reserved 1114112K
  class space    used 3220K, committed 3392K, reserved 1048576K
}
Event: 2.077 GC heap after
{Heap after GC invocations=8 (full 0):
 garbage-first heap   total 149504K, used 16813K [0x0000000701200000, 0x0000000800000000)
  region size 2048K, 4 young (8192K), 4 survivors (8192K)
 Metaspace       used 29131K, committed 29440K, reserved 1114112K
  class space    used 3220K, committed 3392K, reserved 1048576K
}
Event: 2.612 GC heap before
{Heap before GC invocations=8 (full 0):
 garbage-first heap   total 149504K, used 96685K [0x0000000701200000, 0x0000000800000000)
  region size 2048K, 42 young (86016K), 4 survivors (8192K)
 Metaspace       used 36103K, committed 36416K, reserved 1114112K
  class space    used 4054K, committed 4224K, reserved 1048576K
}

