# JRE version: OpenJDK Runtime Environment JBR-17.0.9+7-1087.7-nomod (17.0.9+7) (build 17.0.9+7-b1087.7)
# Java VM: OpenJDK 64-Bit Server VM JBR-17.0.9+7-1087.7-nomod (17.0.9+7-b1087.7, mixed mode, tiered, compressed oops, compressed class ptrs, g1 gc, windows-amd64)
GC Precious Log:
 CPUs: 12 total, 12 available
 Memory: 16309M
 Large Page Support: Disabled
 NUMA Support: Disabled
 Compressed Oops: Enabled (Zero based)
 Heap Region Size: 2M
 Heap Min Capacity: 8M
 Heap Initial Capacity: 256M
 Heap Max Capacity: 4078M
 Pre-touch: Disabled
 Parallel Workers: 10
 Concurrent Workers: 3
 Concurrent Refinement Workers: 10
 Periodic GC: Disabled
Heap:
 garbage-first heap   total 149504K, used 35120K [0x0000000701200000, 0x0000000800000000)
  region size 2048K, 11 young (22528K), 4 survivors (8192K)
 Metaspace       used 33430K, committed 33664K, reserved 1114112K
  class space    used 3753K, committed 3840K, reserved 1048576K
GC Heap History (16 events):
Event: 0.489 GC heap before
{Heap before GC invocations=0 (full 0):
 garbage-first heap   total 262144K, used 22528K [0x0000000701200000, 0x0000000800000000)
  region size 2048K, 11 young (22528K), 0 survivors (0K)
 Metaspace       used 14547K, committed 14784K, reserved 1114112K
  class space    used 1499K, committed 1600K, reserved 1048576K
}
Event: 0.492 GC heap after
{Heap after GC invocations=1 (full 0):
 garbage-first heap   total 262144K, used 3949K [0x0000000701200000, 0x0000000800000000)
  region size 2048K, 2 young (4096K), 2 survivors (4096K)
 Metaspace       used 14547K, committed 14784K, reserved 1114112K
  class space    used 1499K, committed 1600K, reserved 1048576K
}
Event: 0.830 GC heap before
{Heap before GC invocations=1 (full 0):
 garbage-first heap   total 262144K, used 34669K [0x0000000701200000, 0x0000000800000000)
  region size 2048K, 18 young (36864K), 2 survivors (4096K)
 Metaspace       used 18925K, committed 19136K, reserved 1114112K
  class space    used 2070K, committed 2176K, reserved 1048576K
}
Event: 0.833 GC heap after
{Heap after GC invocations=2 (full 0):
 garbage-first heap   total 262144K, used 5618K [0x0000000701200000, 0x0000000800000000)
  region size 2048K, 1 young (2048K), 1 survivors (2048K)
 Metaspace       used 18925K, committed 19136K, reserved 1114112K
  class space    used 2070K, committed 2176K, reserved 1048576K
}
Event: 1.026 GC heap before
{Heap before GC invocations=2 (full 0):
 garbage-first heap   total 262144K, used 19954K [0x0000000701200000, 0x0000000800000000)
  region size 2048K, 9 young (18432K), 1 survivors (2048K)
 Metaspace       used 21372K, committed 21504K, reserved 1114112K
  class space    used 2417K, committed 2496K, reserved 1048576K
}
Event: 1.027 GC heap after
{Heap after GC invocations=3 (full 0):
 garbage-first heap   total 262144K, used 6672K [0x0000000701200000, 0x0000000800000000)
  region size 2048K, 2 young (4096K), 2 survivors (4096K)
 Metaspace       used 21372K, committed 21504K, reserved 1114112K
  class space    used 2417K, committed 2496K, reserved 1048576K
}
Event: 1.253 GC heap before
{Heap before GC invocations=4 (full 0):
 garbage-first heap   total 34816K, used 23056K [0x0000000701200000, 0x0000000800000000)
  region size 2048K, 11 young (22528K), 2 survivors (4096K)
 Metaspace       used 24572K, committed 24768K, reserved 1114112K
  class space    used 2752K, committed 2816K, reserved 1048576K
}
Event: 1.257 GC heap after
{Heap after GC invocations=5 (full 0):
 garbage-first heap   total 34816K, used 9294K [0x0000000701200000, 0x0000000800000000)
  region size 2048K, 3 young (6144K), 3 survivors (6144K)
 Metaspace       used 24572K, committed 24768K, reserved 1114112K
  class space    used 2752K, committed 2816K, reserved 1048576K
}
Event: 1.274 GC heap before
{Heap before GC invocations=5 (full 0):
 garbage-first heap   total 34816K, used 11342K [0x0000000701200000, 0x0000000800000000)
  region size 2048K, 4 young (8192K), 3 survivors (6144K)
 Metaspace       used 24635K, committed 24768K, reserved 1114112K
  class space    used 2753K, committed 2816K, reserved 1048576K
}
Event: 1.279 GC heap after
{Heap after GC invocations=6 (full 0):
 garbage-first heap   total 34816K, used 9832K [0x0000000701200000, 0x0000000800000000)
  region size 2048K, 1 young (2048K), 1 survivors (2048K)
 Metaspace       used 24635K, committed 24768K, reserved 1114112K
  class space    used 2753K, committed 2816K, reserved 1048576K
}
Event: 1.374 GC heap before
{Heap before GC invocations=6 (full 0):
 garbage-first heap   total 34816K, used 22120K [0x0000000701200000, 0x0000000800000000)
  region size 2048K, 7 young (14336K), 1 survivors (2048K)
 Metaspace       used 25089K, committed 25280K, reserved 1114112K
  class space    used 2801K, committed 2880K, reserved 1048576K
}
Event: 1.377 GC heap after
{Heap after GC invocations=7 (full 0):
 garbage-first heap   total 34816K, used 10938K [0x0000000701200000, 0x0000000800000000)
  region size 2048K, 1 young (2048K), 1 survivors (2048K)
 Metaspace       used 25089K, committed 25280K, reserved 1114112K
  class space    used 2801K, committed 2880K, reserved 1048576K
}
Event: 1.457 GC heap before
{Heap before GC invocations=7 (full 0):
 garbage-first heap   total 34816K, used 23226K [0x0000000701200000, 0x0000000800000000)
  region size 2048K, 7 young (14336K), 1 survivors (2048K)
 Metaspace       used 25335K, committed 25472K, reserved 1114112K
  class space    used 2825K, committed 2880K, reserved 1048576K
}
Event: 1.461 GC heap after
{Heap after GC invocations=8 (full 0):
 garbage-first heap   total 149504K, used 12889K [0x0000000701200000, 0x0000000800000000)
  region size 2048K, 1 young (2048K), 1 survivors (2048K)
 Metaspace       used 25335K, committed 25472K, reserved 1114112K
  class space    used 2825K, committed 2880K, reserved 1048576K
}
Event: 2.158 GC heap before
{Heap before GC invocations=8 (full 0):
 garbage-first heap   total 149504K, used 129625K [0x0000000701200000, 0x0000000800000000)
  region size 2048K, 41 young (83968K), 1 survivors (2048K)
 Metaspace       used 30128K, committed 30400K, reserved 1114112K
  class space    used 3339K, committed 3456K, reserved 1048576K
}
Event: 2.164 GC heap after
{Heap after GC invocations=9 (full 0):
 garbage-first heap   total 149504K, used 22832K [0x0000000701200000, 0x0000000800000000)
  region size 2048K, 4 young (8192K), 4 survivors (8192K)
 Metaspace       used 30128K, committed 30400K, reserved 1114112K
  class space    used 3339K, committed 3456K, reserved 1048576K
}

